<?xml version="1.0" encoding="UTF-8"?>
<!-- Generated by org.testng.reporters.JUnitReportReporter -->
<testsuite skipped="0" hostname="Waqass-MBP.fios-router.home" name="application.AppTest" tests="1" failures="0" timestamp="18 Jun 2019 01:05:00 GMT" time="0.008" errors="0">
  <testcase name="test" time="0.008" classname="application.AppTest"/>
</testsuite> <!-- application.AppTest -->
