<?xml version="1.0" encoding="UTF-8"?>
<!-- Generated by org.testng.reporters.JUnitReportReporter -->
<testsuite hostname="Waqass-MBP.fios-router.home" name="application.AppTest" tests="2" failures="0" timestamp="20 Jun 2019 21:11:32 GMT" time="15.691" errors="0">
  <testcase name="logout" time="4.690" classname="application.AppTest"/>
  <testcase name="createContent" time="11.001" classname="application.AppTest"/>
</testsuite> <!-- application.AppTest -->
